<?xml version="1.0" encoding="UTF-8"?>
<beans xmlns:xsi="http://www.w3.org/2001/XMLSchema-instance"
       xmlns="http://www.springframework.org/schema/beans"
       xsi:schemaLocation="http://www.springframework.org/schema/beans
       http://www.springframework.org/schema/beans/spring-beans.xsd">


    <bean class="org.springframework.beans.factory.config.PropertyPlaceholderConfigurer">
        <property name="locations">
            <list>
                <value>classpath*:database.properties</value>
                <value>classpath*:bookdao-sql-querries.properties</value>
                <value>classpath*:authordao-sql-querries.properties</value>
            </list>
        </property>
    </bean>


    <import resource="classpath*:database-spring-config.xml"/>

    <bean id="bookService" class="com.vladsafronov.librarymanagement.service.impl.BookServiceImpl">
        <property name="bookDao" ref="bookDao"/>
    </bean>

    <bean id="bookDao" class="org.easymock.EasyMock" factory-method="createMock">
        <constructor-arg value="com.vladsafronov.librarymanagement.dao.api.BookDao"/>
    </bean>

    <bean id="authorDao" class="org.easymock.EasyMock" factory-method="createMock">
        <constructor-arg value="com.vladsafronov.librarymanagement.dao.api.AuthorDao"/>
    </bean>


</beans>